<?xml version="1.0" encoding="UTF-8"?>
<!-- Generated by org.testng.reporters.JUnitReportReporter -->
<testsuite hostname="DESKTOP-5B2A0L0" failures="0" tests="1" name="restApiXML.XMLExample" time="5.467" errors="0" timestamp="04 Dec 2022 05:21:13 GMT" skipped="0">
  <testcase classname="restApiXML.XMLExample" name="test1" time="5.467"/>
</testsuite> <!-- restApiXML.XMLExample -->
