<?xml version="1.0" encoding="UTF-8"?>
<!-- Generated by org.testng.reporters.JUnitReportReporter -->
<testsuite hostname="DESKTOP-5B2A0L0" failures="0" tests="1" name="restAPI.PostRequestWithMap" time="12.560" errors="0" timestamp="03 Dec 2022 12:56:06 GMT" skipped="0">
  <testcase classname="restAPI.PostRequestWithMap" name="test1" time="12.560"/>
</testsuite> <!-- restAPI.PostRequestWithMap -->
