<?xml version="1.0" encoding="UTF-8"?>
<!-- Generated by org.testng.reporters.JUnitReportReporter -->
<testsuite hostname="DESKTOP-5B2A0L0" failures="0" tests="1" name="restAPI.PatchRequest" time="5.476" errors="0" timestamp="04 Dec 2022 05:38:27 GMT" skipped="0">
  <testcase classname="restAPI.PatchRequest" name="test1" time="5.476"/>
</testsuite> <!-- restAPI.PatchRequest -->
