<?xml version="1.0" encoding="UTF-8"?>
<!-- Generated by org.testng.reporters.JUnitReportReporter -->
<testsuite hostname="DESKTOP-5B2A0L0" failures="0" tests="1" name="restAPI.PostRequestWithFile" time="6.755" errors="0" timestamp="04 Dec 2022 04:14:26 GMT" skipped="0">
  <testcase classname="restAPI.PostRequestWithFile" name="test2" time="6.755"/>
</testsuite> <!-- restAPI.PostRequestWithFile -->
