<?xml version="1.0" encoding="UTF-8"?>
<!-- Generated by org.testng.reporters.JUnitReportReporter -->
<testsuite hostname="DESKTOP-5B2A0L0" failures="0" tests="1" name="restAPI.PostRequest" time="8.115" errors="0" timestamp="03 Dec 2022 07:06:24 GMT" skipped="0">
  <testcase classname="restAPI.PostRequest" name="test1" time="8.115"/>
</testsuite> <!-- restAPI.PostRequest -->
