<?xml version="1.0" encoding="UTF-8"?>
<!-- Generated by org.testng.reporters.JUnitReportReporter -->
<testsuite hostname="DESKTOP-5B2A0L0" failures="0" tests="1" name="restAPIBDD.GetRequest" time="6.346" errors="0" timestamp="04 Dec 2022 15:08:57 GMT" skipped="0">
  <testcase classname="restAPIBDD.GetRequest" name="test1" time="6.346"/>
</testsuite> <!-- restAPIBDD.GetRequest -->
